2026-03-16T19:52:17Z|planning|phase:4|story:null
2026-03-16T19:52:17Z|planning|phase:4|story:null
2026-03-16T19:52:17Z|coordinator|hub:planning|story:null
2026-03-16T19:52:17Z|coordinator|hub:planning|story:null
2026-03-16T19:52:46Z|planning|phase:4|story:null
2026-03-16T19:52:46Z|coordinator|hub:planning|story:null
2026-03-17T22:41:24Z|planning|phase:7|story:null
2026-03-17T23:07:15Z|coordinator|hub:execution|story:US-001-scaffolding
2026-03-17T23:09:51Z|execution|phase:0|story:US-001-scaffolding
2026-03-17T23:10:05Z|coordinator|hub:execution|story:US-001-scaffolding
2026-03-17T23:14:07Z|execution|phase:1|story:US-001-scaffolding
2026-03-17T23:15:09Z|execution|phase:1|story:US-001-scaffolding
2026-03-17T23:15:26Z|execution|phase:2|story:US-001-scaffolding
2026-03-17T23:15:26Z|execution|phase:2|story:US-001-scaffolding|task:0:Scaffold Expo + TS baseline|step:implement
2026-03-18T03:03:30Z|execution|phase:2|story:US-001-scaffolding|task:0:Scaffold Expo + TS baseline|step:review
2026-03-18T03:08:56Z|execution|phase:2|story:US-001-scaffolding|task:0:Scaffold Expo + TS baseline|step:implement
2026-03-18T07:41:54Z|execution|phase:2|story:US-001-scaffolding|task:0:Scaffold Expo + TS baseline|step:review
2026-03-18T13:37:15Z|execution|phase:2|story:US-001-scaffolding|task:0:Scaffold Expo + TS baseline|step:implement
2026-03-18T13:44:06Z|execution|phase:2|story:US-001-scaffolding|task:0:Scaffold Expo + TS baseline|step:review
2026-03-18T13:48:42Z|execution|phase:2|story:US-001-scaffolding|task:0:Scaffold Expo + TS baseline|step:qa
2026-03-18T13:53:38Z|execution|phase:2|story:US-001-scaffolding|task-done:0
2026-03-18T13:53:57Z|execution|phase:2|story:US-001-scaffolding|task:1:Route shell + placeholders|step:implement
2026-03-18T14:05:56Z|execution|phase:2|story:US-001-scaffolding|task:1:Route shell + placeholders|step:review
2026-03-18T14:09:17Z|execution|phase:2|story:US-001-scaffolding|task:1:Route shell + placeholders|step:qa
2026-03-18T14:13:13Z|execution|phase:2|story:US-001-scaffolding|task-done:1
2026-03-18T14:13:21Z|execution|phase:2|story:US-001-scaffolding|task:2:Status primitive + runtime/error model|step:implement
2026-03-18T14:19:49Z|execution|phase:2|story:US-001-scaffolding|task:2:Status primitive + runtime/error model|step:review
2026-03-18T14:22:41Z|execution|phase:2|story:US-001-scaffolding|task:2:Status primitive + runtime/error model|step:qa
2026-03-18T14:26:48Z|execution|phase:2|story:US-001-scaffolding|task-done:2
2026-03-18T14:26:59Z|execution|phase:2|story:US-001-scaffolding|task:3:Startup budget baseline|step:implement
2026-03-22T08:28:44Z|execution|phase:2|story:US-001-scaffolding|task:3:Startup budget baseline|step:review
2026-03-22T08:35:01Z|execution|phase:2|story:US-001-scaffolding|task:3:Startup budget baseline|step:review
2026-03-22T08:35:09Z|dispatch-log|event:dispatch|agent:sdlc-code-reviewer|id:exec-US001-t3-review-i1
2026-03-22T08:39:29Z|dispatch-log|event:response|agent:sdlc-code-reviewer|id:exec-US001-t3-review-i1
2026-03-22T08:40:28Z|execution|phase:2|story:US-001-scaffolding|task:3:Startup budget baseline|step:implement
2026-03-22T08:40:35Z|dispatch-log|event:dispatch|agent:sdlc-implementer|id:exec-US001-t3-impl-i2
2026-03-22T08:50:53Z|dispatch-log|event:response|agent:sdlc-implementer|id:exec-US001-t3-impl-i2
2026-03-22T08:51:14Z|execution|phase:2|story:US-001-scaffolding|task:3:Startup budget baseline|step:review
2026-03-22T08:51:23Z|dispatch-log|event:dispatch|agent:sdlc-code-reviewer|id:exec-US001-t3-review-i2
2026-03-22T08:58:27Z|dispatch-log|event:response|agent:sdlc-code-reviewer|id:exec-US001-t3-review-i2
2026-03-22T08:59:30Z|execution|phase:2|story:US-001-scaffolding|task:3:Startup budget baseline|step:implement
2026-03-22T08:59:34Z|dispatch-log|event:dispatch|agent:sdlc-implementer|id:exec-US001-t3-impl-i3
2026-03-22T09:07:01Z|dispatch-log|event:response|agent:sdlc-implementer|id:exec-US001-t3-impl-i3
2026-03-22T09:07:10Z|execution|phase:2|story:US-001-scaffolding|task:3:Startup budget baseline|step:review
2026-03-22T09:07:22Z|dispatch-log|event:dispatch|agent:sdlc-code-reviewer|id:exec-US001-t3-review-i3
2026-03-22T09:13:21Z|dispatch-log|event:response|agent:sdlc-code-reviewer|id:exec-US001-t3-review-i3
2026-03-22T09:13:46Z|execution|phase:2|story:US-001-scaffolding|task:3:Startup budget baseline|step:qa
2026-03-22T09:13:51Z|dispatch-log|event:dispatch|agent:sdlc-qa|id:exec-US001-t3-qa-i1
2026-03-22T09:17:36Z|dispatch-log|event:response|agent:sdlc-qa|id:exec-US001-t3-qa-i1
2026-03-22T09:17:56Z|execution|phase:2|story:US-001-scaffolding|task-done:3
2026-03-22T09:20:54Z|execution|phase:2|story:US-001-scaffolding|task:4:Font scaling baseline|step:implement
2026-03-22T09:20:54Z|dispatch-log|event:dispatch|agent:sdlc-implementer|id:exec-US001-t4-impl-i1
2026-03-22T09:26:13Z|dispatch-log|event:response|agent:sdlc-implementer|id:exec-US001-t4-impl-i1
2026-03-22T09:26:13Z|execution|phase:2|story:US-001-scaffolding|task:4:Font scaling baseline|step:review
2026-03-22T09:26:13Z|dispatch-log|event:dispatch|agent:sdlc-code-reviewer|id:exec-US001-t4-review-i1
2026-03-22T09:32:11Z|dispatch-log|event:response|agent:sdlc-code-reviewer|id:exec-US001-t4-review-i1
2026-03-22T09:32:11Z|execution|phase:2|story:US-001-scaffolding|task:4:Font scaling baseline|step:qa
2026-03-22T09:32:11Z|dispatch-log|event:dispatch|agent:sdlc-qa|id:exec-US001-t4-qa-i1
2026-03-22T09:35:34Z|dispatch-log|event:response|agent:sdlc-qa|id:exec-US001-t4-qa-i1
2026-03-22T09:35:34Z|execution|phase:2|story:US-001-scaffolding|task:4:Font scaling baseline|step:qa|task-done:4
2026-03-22T09:37:46Z|execution|phase:3|story:US-001-scaffolding
2026-03-22T09:46:27Z|dispatch-log|event:dispatch|agent:sdlc-code-reviewer|id:exec-US001-phase3-review-i1
2026-03-22T09:46:27Z|dispatch-log|event:response|agent:sdlc-code-reviewer|id:exec-US001-phase3-review-i1
2026-03-22T09:52:39Z|dispatch-log|event:dispatch|agent:sdlc-qa|id:exec-US001-phase3-qa-i1
2026-03-22T09:52:39Z|dispatch-log|event:response|agent:sdlc-qa|id:exec-US001-phase3-qa-i1
2026-03-22T09:58:08Z|dispatch-log|event:dispatch|agent:sdlc-semantic-reviewer|id:exec-US001-phase3b-semantic-i1
2026-03-22T09:58:08Z|dispatch-log|event:response|agent:sdlc-semantic-reviewer|id:exec-US001-phase3b-semantic-i1
2026-03-22T09:58:08Z|execution|phase:4|story:US-001-scaffolding
2026-03-22T10:07:08Z|dispatch-log|event:dispatch|agent:sdlc-acceptance-validator|id:exec-US001-phase4-acceptance-i1
2026-03-22T10:07:08Z|dispatch-log|event:response|agent:sdlc-acceptance-validator|id:exec-US001-phase4-acceptance-i1
2026-03-22T10:07:08Z|execution|phase:4|story:US-001-scaffolding|task:story-level acceptance|step:acceptance_validation
2026-03-22T10:09:43Z|execution|phase:2|story:US-001-scaffolding|task:R1:AC6 evidence + staging traceability|step:implement
2026-03-22T10:09:43Z|dispatch-log|event:dispatch|agent:sdlc-implementer|id:exec-US001-tR1-impl-i1
2026-03-22T10:21:17Z|dispatch-log|event:response|agent:sdlc-implementer|id:exec-US001-tR1-impl-i1
2026-03-22T10:21:17Z|execution|phase:2|story:US-001-scaffolding|task:R1:AC6 evidence + staging traceability|step:review
2026-03-22T10:21:17Z|dispatch-log|event:dispatch|agent:sdlc-code-reviewer|id:exec-US001-tR1-review-i1
2026-03-22T10:26:41Z|dispatch-log|event:response|agent:sdlc-code-reviewer|id:exec-US001-tR1-review-i1
2026-03-22T10:26:41Z|execution|phase:2|story:US-001-scaffolding|task:R1:AC6 evidence + staging traceability|step:qa
2026-03-22T10:26:41Z|dispatch-log|event:dispatch|agent:sdlc-qa|id:exec-US001-tR1-qa-i1
2026-03-22T10:32:58Z|dispatch-log|event:response|agent:sdlc-qa|id:exec-US001-tR1-qa-i1
2026-03-22T10:32:58Z|execution|phase:2|story:US-001-scaffolding|step:qa|task-done:R1
2026-03-22T10:32:58Z|execution|phase:4|story:US-001-scaffolding|step:acceptance
2026-03-22T10:32:58Z|dispatch-log|event:dispatch|agent:sdlc-acceptance-validator|id:exec-US001-phase4-acceptance-i2
2026-03-22T10:50:15Z|dispatch-log|event:response|agent:sdlc-acceptance-validator|id:exec-US001-phase4-acceptance-i2
2026-03-22T10:50:15Z|execution|phase:2|story:US-001-scaffolding|task:R2:staging traceability final reconciliation|step:implement
2026-03-22T10:50:15Z|dispatch-log|event:dispatch|agent:sdlc-implementer|id:exec-US001-tR2-impl-i1
2026-03-22T10:53:48Z|dispatch-log|event:response|agent:sdlc-implementer|id:exec-US001-tR2-impl-i1
2026-03-22T10:53:48Z|execution|phase:2|story:US-001-scaffolding|task:R2:staging traceability final reconciliation|step:review
2026-03-22T10:53:48Z|dispatch-log|event:dispatch|agent:sdlc-code-reviewer|id:exec-US001-tR2-review-i1
2026-03-22T10:59:23Z|dispatch-log|event:response|agent:sdlc-code-reviewer|id:exec-US001-tR2-review-i1
2026-03-22T10:59:23Z|execution|phase:2|story:US-001-scaffolding|task:R2:staging traceability final reconciliation|step:qa
2026-03-22T10:59:23Z|dispatch-log|event:dispatch|agent:sdlc-qa|id:exec-US001-tR2-qa-i1
2026-03-22T11:17:43Z|dispatch-log|event:response|agent:sdlc-qa|id:exec-US001-tR2-qa-i1
2026-03-22T11:17:43Z|execution|phase:2|story:US-001-scaffolding|step:qa|task-done:R2
2026-03-22T11:17:43Z|execution|phase:4|story:US-001-scaffolding|step:acceptance
2026-03-22T11:17:43Z|dispatch-log|event:dispatch|agent:sdlc-acceptance-validator|id:exec-US001-phase4-acceptance-i3
2026-03-22T11:25:47Z|dispatch-log|event:response|agent:sdlc-acceptance-validator|id:exec-US001-phase4-acceptance-i3
2026-03-22T11:25:47Z|execution|phase:4|story:US-001-scaffolding|task:Phase4 acceptance gate|step:acceptance
2026-03-22T11:33:47Z|execution|phase:2|story:US-001-scaffolding|task:4R:AC6 evidence + staging traceability remediation|step:implement
2026-03-22T11:33:57Z|dispatch-log|event:dispatch|agent:sdlc-implementer|id:exec-US001-t4R-impl-i1
2026-03-22T11:39:36Z|dispatch-log|event:response|agent:sdlc-implementer|id:exec-US001-t4R-impl-i1
2026-03-22T11:39:41Z|execution|phase:2|story:US-001-scaffolding|task:4R:AC6 evidence + staging traceability remediation|step:review
2026-03-22T11:39:45Z|dispatch-log|event:dispatch|agent:sdlc-code-reviewer|id:exec-US001-t4R-review-i1
2026-03-22T11:43:28Z|dispatch-log|event:response|agent:sdlc-code-reviewer|id:exec-US001-t4R-review-i1
2026-03-22T11:43:34Z|execution|phase:2|story:US-001-scaffolding|task:4R:AC6 evidence + staging traceability remediation|step:qa
2026-03-22T11:43:41Z|dispatch-log|event:dispatch|agent:sdlc-qa|id:exec-US001-t4R-qa-i1
2026-03-22T11:48:29Z|dispatch-log|event:response|agent:sdlc-qa|id:exec-US001-t4R-qa-i1
2026-03-22T11:48:38Z|execution|phase:2|story:US-001-scaffolding|task-done:4
2026-03-22T11:48:48Z|execution|phase:4|story:US-001-scaffolding|task:US001-ACCEPTANCE-R2|step:acceptance
2026-03-22T11:48:52Z|dispatch-log|event:dispatch|agent:sdlc-acceptance-validator|id:exec-US001-phase4-acceptance-i2
2026-03-22T11:56:38Z|execution|phase:2|story:US-001-scaffolding|task:4R2:typecheck alignment remediation|step:implement
2026-03-22T11:56:45Z|dispatch-log|event:response|agent:sdlc-acceptance-validator|id:exec-US001-phase4-acceptance-i2
2026-03-22T11:56:54Z|dispatch-log|event:dispatch|agent:sdlc-implementer|id:exec-US001-t4R2-impl-i1
2026-03-22T12:03:53Z|dispatch-log|event:response|agent:sdlc-implementer|id:exec-US001-t4R2-impl-i1
2026-03-22T12:04:02Z|execution|phase:2|story:US-001-scaffolding|task:4R2:typecheck alignment remediation|step:review
2026-03-22T12:04:12Z|dispatch-log|event:dispatch|agent:sdlc-code-reviewer|id:exec-US001-t4R2-review-i1
2026-03-22T12:08:13Z|dispatch-log|event:response|agent:sdlc-code-reviewer|id:exec-US001-t4R2-review-i1
2026-03-22T12:08:20Z|execution|phase:2|story:US-001-scaffolding|task:4R2:typecheck alignment remediation|step:qa
2026-03-22T12:08:29Z|dispatch-log|event:dispatch|agent:sdlc-qa|id:exec-US001-t4R2-qa-i1
2026-03-22T12:11:20Z|dispatch-log|event:response|agent:sdlc-qa|id:exec-US001-t4R2-qa-i1
2026-03-22T12:11:31Z|execution|phase:2|story:US-001-scaffolding|task-done:4
2026-03-22T12:11:41Z|execution|phase:4|story:US-001-scaffolding|task:US001-ACCEPTANCE-R3|step:acceptance
2026-03-22T12:11:45Z|dispatch-log|event:dispatch|agent:sdlc-acceptance-validator|id:exec-US001-phase4-acceptance-i3
2026-03-22T12:18:03Z|dispatch-log|event:response|agent:sdlc-acceptance-validator|id:exec-US001-phase4-acceptance-i3
2026-03-22T12:21:07Z|execution|phase:2|story:US-001-scaffolding|task:0:Staging traceability remediation|step:review
2026-03-22T12:21:07Z|dispatch-log|event:dispatch|agent:sdlc-code-reviewer|id:exec-US001-t0-review-i1
2026-03-22T12:23:59Z|dispatch-log|event:response|agent:sdlc-code-reviewer|id:exec-US001-t0-review-i1
2026-03-22T12:23:59Z|execution|phase:2|story:US-001-scaffolding|task:0:Staging traceability remediation|step:review
2026-03-22T12:23:59Z|dispatch-log|event:dispatch|agent:sdlc-code-reviewer|id:exec-US001-t0-review-i2
2026-03-22T12:25:43Z|dispatch-log|event:response|agent:sdlc-code-reviewer|id:exec-US001-t0-review-i2
2026-03-22T12:25:43Z|execution|phase:2|story:US-001-scaffolding|task:0:Staging traceability remediation|step:qa
2026-03-22T12:25:43Z|dispatch-log|event:dispatch|agent:sdlc-qa|id:exec-US001-t0-qa-i1
2026-03-22T12:29:29Z|dispatch-log|event:response|agent:sdlc-qa|id:exec-US001-t0-qa-i1
2026-03-22T12:29:29Z|execution|phase:2|story:US-001-scaffolding|task:0:Staging traceability remediation|task-done:0
2026-03-22T12:29:29Z|execution|phase:4|story:US-001-scaffolding|step:acceptance
2026-03-22T12:29:29Z|dispatch-log|event:dispatch|agent:sdlc-acceptance-validator|id:exec-US001-phase4-acceptance-i2
2026-03-22T12:38:04Z|dispatch-log|event:response|agent:sdlc-acceptance-validator|id:exec-US001-phase4-acceptance-i2
2026-03-22T12:38:04Z|execution|phase:4|story:US-001-scaffolding|step:acceptance
2026-03-22T12:41:59Z|execution|phase:4|story:US-001-scaffolding|step:acceptance
2026-03-22T12:42:24Z|dispatch-log|event:dispatch|agent:sdlc-acceptance-validator|id:exec-US001-phase4-acceptance-i2
2026-03-22T12:52:27Z|dispatch-log|event:response|agent:sdlc-acceptance-validator|id:exec-US001-phase4-acceptance-i2
